<?xml version="1.0" encoding="UTF-8"?>
<!-- Generated by org.testng.reporters.JUnitXMLReporter -->
<testsuite ignored="2" hostname="Nikhil_ZenBook" failures="0" tests="2" name="Test" time="9.227" errors="0" timestamp="2023-10-05T22:54:26 IST">
  <testcase classname="ocBase.Base" name="@BeforeMethod SetupBrowser" time="0.002">
    <failure type="java.lang.NullPointerException" message="Cannot invoke &amp;quot;com.aventstack.extentreports.ExtentReports.createTest(String)&amp;quot; because &amp;quot;this.extent&amp;quot; is null">
      <![CDATA[java.lang.NullPointerException: Cannot invoke "com.aventstack.extentreports.ExtentReports.createTest(String)" because "this.extent" is null
at ocBase.Base.SetupBrowser(Base.java:44)
at java.base/java.util.ArrayList.forEach(ArrayList.java:1511)
... Removed 31 stack frames]]>
    </failure>
  </testcase> <!-- @BeforeMethod SetupBrowser -->
  <testcase classname="ocBase.Base" name="@AfterMethod AfterMethodMethod" time="0.0">
    <skipped/>
  </testcase> <!-- @AfterMethod AfterMethodMethod -->
  <testcase classname="testsOn_OC.TC_LoginFunctionality" name="LoginToOC" time="1.889"/>
  <testcase classname="testsOn_OC.TC_RegistrationFunctionality" name="Registration" time="0.0">
    <skipped/>
  </testcase> <!-- Registration -->
  <testcase classname="ocBase.Base" name="@BeforeTest BeforeTestMethod" time="0.0">
    <ignored/>
  </testcase> <!-- @BeforeTest BeforeTestMethod -->
  <testcase classname="ocBase.Base" name="@AfterTest AfterTestMethod" time="0.0">
    <ignored/>
  </testcase> <!-- @AfterTest AfterTestMethod -->
</testsuite> <!-- Test -->
