<?xml version="1.0" encoding="UTF-8"?>
<testng-results ignored="0" total="1" passed="1" failed="0" skipped="0">
  <reporter-output>
  </reporter-output>
  <suite started-at="2023-10-05T18:36:25 IST" name="Suite" finished-at="2023-10-05T18:36:40 IST" duration-ms="15077">
    <groups>
    </groups>
    <test started-at="2023-10-05T18:36:25 IST" name="Test" finished-at="2023-10-05T18:36:40 IST" duration-ms="15077">
      <class name="testsOn_OC.TC_LoginFunctionality">
        <test-method is-config="true" signature="BeforeTestMethod()[pri:0, instance:testsOn_OC.TC_LoginFunctionality@10683d9d]" started-at="2023-10-05T18:36:25 IST" name="BeforeTestMethod" finished-at="2023-10-05T18:36:26 IST" duration-ms="425" status="PASS">
          <reporter-output>
          </reporter-output>
        </test-method> <!-- BeforeTestMethod -->
        <test-method is-config="true" signature="BeforeMethodMethod(java.lang.String,java.lang.reflect.Method)[pri:0, instance:testsOn_OC.TC_LoginFunctionality@10683d9d]" started-at="2023-10-05T18:36:26 IST" name="BeforeMethodMethod" finished-at="2023-10-05T18:36:36 IST" duration-ms="10166" status="PASS">
          <params>
            <param index="0">
              <value>
                <![CDATA[firefox]]>
              </value>
            </param>
            <param index="1">
              <value>
                <![CDATA[public void testsOn_OC.TC_LoginFunctionality.MethodA()]]>
              </value>
            </param>
          </params>
          <reporter-output>
          </reporter-output>
        </test-method> <!-- BeforeMethodMethod -->
        <test-method signature="MethodA()[pri:0, instance:testsOn_OC.TC_LoginFunctionality@10683d9d]" started-at="2023-10-05T18:36:36 IST" name="MethodA" finished-at="2023-10-05T18:36:38 IST" duration-ms="2205" status="PASS">
          <reporter-output>
          </reporter-output>
        </test-method> <!-- MethodA -->
        <test-method is-config="true" signature="AfterMethodMethod(org.testng.ITestResult)[pri:0, instance:testsOn_OC.TC_LoginFunctionality@10683d9d]" started-at="2023-10-05T18:36:38 IST" name="AfterMethodMethod" finished-at="2023-10-05T18:36:40 IST" duration-ms="1692" status="PASS">
          <params>
            <param index="0">
              <value>
                <![CDATA[[TestResult name=MethodA status=SUCCESS method=TC_LoginFunctionality.MethodA()[pri:0, instance:testsOn_OC.TC_LoginFunctionality@10683d9d] output={null}]]]>
              </value>
            </param>
          </params>
          <reporter-output>
          </reporter-output>
        </test-method> <!-- AfterMethodMethod -->
        <test-method is-config="true" signature="AfterTestMethod()[pri:0, instance:testsOn_OC.TC_LoginFunctionality@10683d9d]" started-at="2023-10-05T18:36:40 IST" name="AfterTestMethod" finished-at="2023-10-05T18:36:40 IST" duration-ms="525" status="PASS">
          <reporter-output>
          </reporter-output>
        </test-method> <!-- AfterTestMethod -->
      </class> <!-- testsOn_OC.TC_LoginFunctionality -->
    </test> <!-- Test -->
  </suite> <!-- Suite -->
</testng-results>
