<?xml version="1.0" encoding="UTF-8"?>
<testng-results ignored="0" total="2" passed="2" failed="0" skipped="0">
  <reporter-output>
  </reporter-output>
  <suite started-at="2023-10-06T08:58:57 IST" name="Suite" finished-at="2023-10-06T08:59:21 IST" duration-ms="23736">
    <groups>
    </groups>
    <test started-at="2023-10-06T08:58:57 IST" name="Test1" finished-at="2023-10-06T08:59:21 IST" duration-ms="23736">
      <class name="testsOn_OC.TCase1">
        <test-method is-config="true" signature="BeforeTestMethod()[pri:0, instance:testsOn_OC.TCase1@5aa9e4eb]" started-at="2023-10-06T08:58:57 IST" name="BeforeTestMethod" finished-at="2023-10-06T08:58:57 IST" duration-ms="407" status="PASS">
          <reporter-output>
          </reporter-output>
        </test-method> <!-- BeforeTestMethod -->
        <test-method is-config="true" signature="SetupBrowser(java.lang.String,java.lang.reflect.Method)[pri:0, instance:testsOn_OC.TCase1@5aa9e4eb]" started-at="2023-10-06T08:58:57 IST" name="SetupBrowser" finished-at="2023-10-06T08:59:08 IST" duration-ms="10635" status="PASS">
          <params>
            <param index="0">
              <value>
                <![CDATA[edge]]>
              </value>
            </param>
            <param index="1">
              <value>
                <![CDATA[public void testsOn_OC.TCase1.LoginToOC()]]>
              </value>
            </param>
          </params>
          <reporter-output>
          </reporter-output>
        </test-method> <!-- SetupBrowser -->
        <test-method signature="LoginToOC()[pri:0, instance:testsOn_OC.TCase1@5aa9e4eb]" started-at="2023-10-06T08:59:08 IST" name="LoginToOC" finished-at="2023-10-06T08:59:10 IST" duration-ms="2495" status="PASS">
          <reporter-output>
          </reporter-output>
        </test-method> <!-- LoginToOC -->
        <test-method is-config="true" signature="AfterMethodMethod(org.testng.ITestResult)[pri:0, instance:testsOn_OC.TCase1@5aa9e4eb]" started-at="2023-10-06T08:59:10 IST" name="AfterMethodMethod" finished-at="2023-10-06T08:59:11 IST" duration-ms="319" status="PASS">
          <params>
            <param index="0">
              <value>
                <![CDATA[[TestResult name=LoginToOC status=SUCCESS method=TCase1.LoginToOC()[pri:0, instance:testsOn_OC.TCase1@5aa9e4eb] output={null}]]]>
              </value>
            </param>
          </params>
          <reporter-output>
          </reporter-output>
        </test-method> <!-- AfterMethodMethod -->
        <test-method is-config="true" signature="SetupBrowser(java.lang.String,java.lang.reflect.Method)[pri:0, instance:testsOn_OC.TCase1@5aa9e4eb]" started-at="2023-10-06T08:59:11 IST" name="SetupBrowser" finished-at="2023-10-06T08:59:16 IST" duration-ms="5630" status="PASS">
          <params>
            <param index="0">
              <value>
                <![CDATA[edge]]>
              </value>
            </param>
            <param index="1">
              <value>
                <![CDATA[public void testsOn_OC.TCase1.Registration()]]>
              </value>
            </param>
          </params>
          <reporter-output>
          </reporter-output>
        </test-method> <!-- SetupBrowser -->
        <test-method signature="Registration()[pri:0, instance:testsOn_OC.TCase1@5aa9e4eb]" started-at="2023-10-06T08:59:16 IST" name="Registration" finished-at="2023-10-06T08:59:20 IST" duration-ms="3416" status="PASS">
          <reporter-output>
          </reporter-output>
        </test-method> <!-- Registration -->
        <test-method is-config="true" signature="AfterMethodMethod(org.testng.ITestResult)[pri:0, instance:testsOn_OC.TCase1@5aa9e4eb]" started-at="2023-10-06T08:59:20 IST" name="AfterMethodMethod" finished-at="2023-10-06T08:59:20 IST" duration-ms="299" status="PASS">
          <params>
            <param index="0">
              <value>
                <![CDATA[[TestResult name=Registration status=SUCCESS method=TCase1.Registration()[pri:0, instance:testsOn_OC.TCase1@5aa9e4eb] output={null}]]]>
              </value>
            </param>
          </params>
          <reporter-output>
          </reporter-output>
        </test-method> <!-- AfterMethodMethod -->
        <test-method is-config="true" signature="AfterTestMethod()[pri:0, instance:testsOn_OC.TCase1@5aa9e4eb]" started-at="2023-10-06T08:59:20 IST" name="AfterTestMethod" finished-at="2023-10-06T08:59:21 IST" duration-ms="466" status="PASS">
          <reporter-output>
          </reporter-output>
        </test-method> <!-- AfterTestMethod -->
      </class> <!-- testsOn_OC.TCase1 -->
    </test> <!-- Test1 -->
  </suite> <!-- Suite -->
</testng-results>
